2025-01-24 23:35:26,669 - INFO - Data overview initiated.
2025-01-24 23:36:01,956 - INFO - Data overview initiated.
2025-01-24 23:36:20,723 - INFO - Data overview initiated.
2025-01-24 23:36:20,851 - INFO - Data overview successfully completed.
2025-01-24 23:37:15,027 - INFO - Generating summary statistics for numeric columns...
2025-01-24 23:37:15,164 - INFO - Summary statistics generation completed.
2025-01-24 23:37:51,412 - INFO - Plot Numberical Distribution...
2025-01-24 23:37:55,106 - INFO - Plot Numberical Distribution...
2025-01-24 23:39:29,356 - INFO - Plot Numberical Distribution...
2025-01-24 23:39:32,528 - INFO - Data overview initiated.
2025-01-24 23:39:32,681 - INFO - Data overview successfully completed.
2025-01-24 23:39:32,922 - INFO - Generating summary statistics for numeric columns...
2025-01-24 23:39:33,036 - INFO - Summary statistics generation completed.
2025-01-24 23:39:33,055 - INFO - Plot Numberical Distribution...
2025-01-24 23:41:29,699 - INFO - Plot Numberical Distribution...
2025-01-24 23:41:32,078 - INFO - Plot Numberical Distribution...
2025-01-24 23:42:11,042 - INFO - Data overview initiated.
2025-01-24 23:42:11,174 - INFO - Data overview successfully completed.
2025-01-24 23:42:11,243 - INFO - Generating summary statistics for numeric columns...
2025-01-24 23:42:11,430 - INFO - Summary statistics generation completed.
2025-01-24 23:42:11,452 - INFO - Plot Numberical Distribution...
2025-01-24 23:45:01,885 - INFO - Data loading initiated.
2025-01-24 23:45:21,368 - INFO - Data loading initiated.
2025-01-24 23:45:22,352 - INFO - Data loaded successfully.
2025-01-24 23:46:06,647 - INFO - Data loading initiated.
2025-01-24 23:46:07,514 - INFO - Data loaded successfully.
2025-01-24 23:46:07,517 - INFO - Data overview initiated.
2025-01-24 23:46:07,655 - INFO - Data overview successfully completed.
2025-01-24 23:46:12,079 - INFO - Data loading initiated.
2025-01-24 23:46:12,784 - INFO - Data loaded successfully.
2025-01-24 23:46:12,796 - INFO - Data overview initiated.
2025-01-24 23:46:12,925 - INFO - Data overview successfully completed.
2025-01-24 23:46:13,218 - INFO - Generating summary statistics for numeric columns...
2025-01-24 23:46:13,341 - INFO - Summary statistics generation completed.
2025-01-24 23:46:13,361 - INFO - Plot Numberical Distribution...
2025-01-24 23:46:27,239 - INFO - Plot Numberical Distribution...
2025-01-24 23:47:15,680 - INFO - Plot Numberical Distribution...
2025-01-24 23:47:19,512 - INFO - Plot Numberical Distribution...
2025-01-24 23:47:20,369 - INFO - Plot Numberical Distribution...
2025-01-24 23:47:30,051 - INFO - Plot Numberical Distribution...
2025-01-24 23:47:39,929 - INFO - Plot Numberical Distribution...
2025-01-24 23:47:54,131 - INFO - Data loading initiated.
2025-01-24 23:47:54,873 - INFO - Data loaded successfully.
2025-01-24 23:47:54,875 - INFO - Data overview initiated.
2025-01-24 23:47:54,983 - INFO - Data overview successfully completed.
2025-01-24 23:47:55,288 - INFO - Generating summary statistics for numeric columns...
2025-01-24 23:47:55,445 - INFO - Summary statistics generation completed.
2025-01-24 23:47:55,465 - INFO - Plot Numberical Distribution...
2025-01-24 23:48:06,544 - INFO - The distribution plot successfully completed.
2025-01-24 23:48:38,112 - INFO - Visualizing Skewness of numercial features...
2025-01-24 23:49:50,408 - INFO - Data loading initiated.
2025-01-24 23:49:51,111 - INFO - Data loaded successfully.
2025-01-24 23:49:51,112 - INFO - Data overview initiated.
2025-01-24 23:49:51,280 - INFO - Data overview successfully completed.
2025-01-24 23:49:55,422 - INFO - Visualizing Skewness of numercial features...
2025-01-24 23:49:58,124 - INFO - Data loading initiated.
2025-01-24 23:49:59,011 - INFO - Data loaded successfully.
2025-01-24 23:49:59,013 - INFO - Data overview initiated.
2025-01-24 23:49:59,160 - INFO - Data overview successfully completed.
2025-01-24 23:49:59,602 - INFO - Generating summary statistics for numeric columns...
2025-01-24 23:49:59,787 - INFO - Summary statistics generation completed.
2025-01-24 23:49:59,887 - INFO - Plot Numberical Distribution...
2025-01-24 23:50:07,057 - INFO - The distribution plot successfully completed.
2025-01-24 23:50:07,079 - INFO - Visualizing Skewness of numercial features...
2025-01-24 23:50:15,981 - INFO - Data loading initiated.
2025-01-24 23:50:17,102 - INFO - Data loaded successfully.
2025-01-24 23:50:17,105 - INFO - Data overview initiated.
2025-01-24 23:50:17,288 - INFO - Data overview successfully completed.
2025-01-24 23:50:17,806 - INFO - Generating summary statistics for numeric columns...
2025-01-24 23:50:17,951 - INFO - Summary statistics generation completed.
2025-01-24 23:50:17,975 - INFO - Plot Numberical Distribution...
2025-01-24 23:50:24,554 - INFO - The distribution plot successfully completed.
2025-01-24 23:50:24,569 - INFO - Visualizing Skewness of numercial features...
2025-01-24 23:50:25,105 - INFO - Visualization successfully completed.
2025-01-24 23:51:02,676 - INFO - Visualizing the distribution of useful categorical features...
2025-01-24 23:51:09,952 - INFO - Visualizing the distribution of useful categorical features...
2025-01-24 23:51:35,070 - INFO - Data loading initiated.
2025-01-24 23:51:35,807 - INFO - Data loaded successfully.
2025-01-24 23:51:35,809 - INFO - Data overview initiated.
2025-01-24 23:51:35,927 - INFO - Data overview successfully completed.
2025-01-24 23:51:36,328 - INFO - Generating summary statistics for numeric columns...
2025-01-24 23:51:36,463 - INFO - Summary statistics generation completed.
2025-01-24 23:51:36,480 - INFO - Plot Numberical Distribution...
2025-01-24 23:51:42,645 - INFO - The distribution plot successfully completed.
2025-01-24 23:51:42,667 - INFO - Visualizing Skewness of numercial features...
2025-01-24 23:51:43,150 - INFO - Visualization successfully completed.
2025-01-24 23:51:43,173 - INFO - Visualizing the distribution of useful categorical features...
2025-01-24 23:51:48,315 - INFO - Distribution plot successfully completed.
