2025-01-27 09:45:51,345 - INFO - Data loading initiated.
2025-01-27 09:45:52,526 - INFO - Data loaded successfully.
2025-01-27 09:45:52,534 - INFO - Data overview initiated.
2025-01-27 09:45:52,820 - INFO - Data overview successfully completed.
2025-01-27 09:45:53,503 - INFO - Generating summary statistics for numeric columns...
2025-01-27 09:45:53,681 - INFO - Summary statistics generation completed.
2025-01-27 09:45:53,704 - INFO - Plot Numberical Distribution...
2025-01-27 09:46:11,877 - INFO - The distribution plot successfully completed.
2025-01-27 09:46:11,906 - INFO - Visualizing Skewness of numercial features...
2025-01-27 09:46:12,507 - INFO - Visualization successfully completed.
2025-01-27 09:46:12,531 - INFO - Visualizing the distribution of useful categorical features...
2025-01-27 09:46:18,517 - INFO - Distribution plot successfully completed.
2025-01-27 13:10:19,397 - INFO - Data loading initiated.
2025-01-27 13:10:20,096 - INFO - Data loaded successfully.
2025-01-27 13:10:20,100 - INFO - Data overview initiated.
2025-01-27 13:10:20,234 - INFO - Data overview successfully completed.
2025-01-27 13:10:20,516 - INFO - Generating summary statistics for numeric columns...
2025-01-27 13:10:20,631 - INFO - Summary statistics generation completed.
2025-01-27 13:10:20,657 - INFO - Plot Numberical Distribution...
2025-01-27 13:10:28,872 - INFO - The distribution plot successfully completed.
2025-01-27 13:10:28,900 - INFO - Visualizing Skewness of numercial features...
2025-01-27 13:10:29,378 - INFO - Visualization successfully completed.
2025-01-27 13:10:29,400 - INFO - Visualizing the distribution of useful categorical features...
2025-01-27 13:10:35,307 - INFO - Distribution plot successfully completed.
2025-01-27 16:24:46,402 - INFO - Data loading initiated.
2025-01-27 16:24:47,561 - INFO - Data loaded successfully.
2025-01-27 16:24:47,564 - INFO - Data overview initiated.
2025-01-27 16:24:47,759 - INFO - Data overview successfully completed.
2025-01-27 16:24:48,292 - INFO - Generating summary statistics for numeric columns...
2025-01-27 16:24:48,461 - INFO - Summary statistics generation completed.
2025-01-27 16:24:48,484 - INFO - Plot Numberical Distribution...
2025-01-27 16:24:58,487 - INFO - The distribution plot successfully completed.
2025-01-27 16:24:58,510 - INFO - Visualizing Skewness of numercial features...
2025-01-27 16:24:59,076 - INFO - Visualization successfully completed.
2025-01-27 16:24:59,098 - INFO - Visualizing the distribution of useful categorical features...
2025-01-27 16:25:03,758 - INFO - Distribution plot successfully completed.
2025-01-27 16:48:26,747 - INFO - Data loading initiated.
2025-01-27 16:48:27,310 - INFO - Data loaded successfully.
2025-01-27 16:48:27,311 - INFO - Data overview initiated.
2025-01-27 16:48:27,435 - INFO - Data overview successfully completed.
2025-01-27 16:48:27,832 - INFO - Generating summary statistics for numeric columns...
2025-01-27 16:48:27,921 - INFO - Summary statistics generation completed.
2025-01-27 16:48:27,940 - INFO - Plot Numberical Distribution...
2025-01-27 16:48:32,980 - INFO - The distribution plot successfully completed.
2025-01-27 16:48:33,023 - INFO - Visualizing Skewness of numercial features...
2025-01-27 16:48:33,513 - INFO - Visualization successfully completed.
2025-01-27 16:48:33,534 - INFO - Visualizing the distribution of useful categorical features...
2025-01-27 16:48:37,855 - INFO - Distribution plot successfully completed.
2025-01-27 16:51:42,124 - INFO - Data loading initiated.
2025-01-27 16:51:42,768 - INFO - Data loaded successfully.
2025-01-27 16:51:42,770 - INFO - Data overview initiated.
2025-01-27 16:51:42,878 - INFO - Data overview successfully completed.
2025-01-27 16:51:43,202 - INFO - Generating summary statistics for numeric columns...
2025-01-27 16:51:43,326 - INFO - Summary statistics generation completed.
2025-01-27 16:51:43,347 - INFO - Plot Numberical Distribution...
2025-01-27 16:51:49,666 - INFO - The distribution plot successfully completed.
2025-01-27 16:51:49,686 - INFO - Visualizing Skewness of numercial features...
2025-01-27 16:51:50,048 - INFO - Visualization successfully completed.
2025-01-27 16:51:50,064 - INFO - Visualizing the distribution of useful categorical features...
2025-01-27 16:51:54,875 - INFO - Distribution plot successfully completed.
2025-01-27 16:54:25,132 - INFO - Data loading initiated.
2025-01-27 16:54:25,886 - INFO - Data loaded successfully.
2025-01-27 16:54:25,888 - INFO - Data overview initiated.
2025-01-27 16:54:26,014 - INFO - Data overview successfully completed.
2025-01-27 16:54:26,314 - INFO - Generating summary statistics for numeric columns...
2025-01-27 16:54:26,458 - INFO - Summary statistics generation completed.
2025-01-27 16:54:26,481 - INFO - Plot Numberical Distribution...
2025-01-27 16:54:31,534 - INFO - The distribution plot successfully completed.
2025-01-27 16:54:31,551 - INFO - Visualizing Skewness of numercial features...
2025-01-27 16:54:31,868 - INFO - Visualization successfully completed.
2025-01-27 16:54:31,884 - INFO - Visualizing the distribution of useful categorical features...
2025-01-27 16:54:36,738 - INFO - Distribution plot successfully completed.
2025-01-27 16:55:20,416 - INFO - Data loading initiated.
2025-01-27 16:55:21,121 - INFO - Data loaded successfully.
2025-01-27 16:55:21,122 - INFO - Data overview initiated.
2025-01-27 16:55:21,245 - INFO - Data overview successfully completed.
2025-01-27 16:55:21,525 - INFO - Generating summary statistics for numeric columns...
2025-01-27 16:55:21,676 - INFO - Summary statistics generation completed.
2025-01-27 16:55:21,697 - INFO - Plot Numberical Distribution...
2025-01-27 16:55:32,068 - INFO - The distribution plot successfully completed.
2025-01-27 16:55:32,103 - INFO - Visualizing Skewness of numercial features...
2025-01-27 16:55:32,540 - INFO - Visualization successfully completed.
2025-01-27 16:55:32,559 - INFO - Visualizing the distribution of useful categorical features...
2025-01-27 16:55:37,247 - INFO - Distribution plot successfully completed.
2025-01-27 16:56:47,938 - INFO - Data loading initiated.
2025-01-27 16:56:48,602 - INFO - Data loaded successfully.
2025-01-27 16:56:48,611 - INFO - Data overview initiated.
2025-01-27 16:56:48,719 - INFO - Data overview successfully completed.
2025-01-27 16:56:48,979 - INFO - Generating summary statistics for numeric columns...
2025-01-27 16:56:49,074 - INFO - Summary statistics generation completed.
2025-01-27 16:56:49,091 - INFO - Plot Numberical Distribution...
2025-01-27 16:56:55,001 - INFO - The distribution plot successfully completed.
2025-01-27 16:56:55,021 - INFO - Visualizing Skewness of numercial features...
2025-01-27 16:56:55,434 - INFO - Visualization successfully completed.
2025-01-27 16:56:55,450 - INFO - Visualizing the distribution of useful categorical features...
2025-01-27 16:57:00,332 - INFO - Distribution plot successfully completed.
2025-01-27 17:09:06,504 - INFO - Data loading initiated.
2025-01-27 17:09:07,625 - INFO - Data loaded successfully.
2025-01-27 17:09:07,630 - INFO - Data overview initiated.
2025-01-27 17:09:07,790 - INFO - Data overview successfully completed.
2025-01-27 17:09:08,677 - INFO - Generating summary statistics for numeric columns...
2025-01-27 17:09:08,876 - INFO - Summary statistics generation completed.
2025-01-27 17:09:08,915 - INFO - Plot Numberical Distribution...
2025-01-27 17:09:24,366 - INFO - The distribution plot successfully completed.
2025-01-27 17:09:24,402 - INFO - Visualizing Skewness of numercial features...
2025-01-27 17:09:25,117 - INFO - Visualization successfully completed.
2025-01-27 17:09:25,141 - INFO - Visualizing the distribution of useful categorical features...
2025-01-27 17:09:33,479 - INFO - Distribution plot successfully completed.
2025-01-27 17:10:41,936 - INFO - Data loading initiated.
2025-01-27 17:10:42,682 - INFO - Data loaded successfully.
2025-01-27 17:10:42,692 - INFO - Data overview initiated.
2025-01-27 17:10:42,808 - INFO - Data overview successfully completed.
2025-01-27 17:12:16,826 - INFO - Data loading initiated.
2025-01-27 17:12:17,808 - INFO - Data loaded successfully.
2025-01-27 17:12:17,811 - INFO - Data overview initiated.
2025-01-27 17:12:17,973 - INFO - Data overview successfully completed.
2025-01-27 17:12:18,498 - INFO - Generating summary statistics for numeric columns...
2025-01-27 17:12:18,742 - INFO - Summary statistics generation completed.
2025-01-27 17:12:18,776 - INFO - Plot Numberical Distribution...
2025-01-27 17:12:28,828 - INFO - The distribution plot successfully completed.
2025-01-27 17:12:28,851 - INFO - Visualizing Skewness of numercial features...
2025-01-27 17:12:29,479 - INFO - Visualization successfully completed.
2025-01-27 17:12:29,501 - INFO - Visualizing the distribution of useful categorical features...
2025-01-27 17:12:35,379 - INFO - Distribution plot successfully completed.
2025-01-27 22:07:49,789 - INFO - Data loading initiated.
2025-01-27 22:07:50,507 - INFO - Data loaded successfully.
2025-01-27 22:07:50,521 - INFO - Data overview initiated.
2025-01-27 22:07:50,635 - INFO - Data overview successfully completed.
2025-01-27 22:07:50,899 - INFO - Generating summary statistics for numeric columns...
2025-01-27 22:07:50,992 - INFO - Summary statistics generation completed.
2025-01-27 22:07:51,013 - INFO - Plot Numberical Distribution...
2025-01-27 22:07:58,194 - INFO - The distribution plot successfully completed.
2025-01-27 22:07:58,243 - INFO - Visualizing Skewness of numercial features...
2025-01-27 22:07:58,806 - INFO - Visualization successfully completed.
2025-01-27 22:07:58,834 - INFO - Visualizing the distribution of useful categorical features...
2025-01-27 22:08:04,256 - INFO - Distribution plot successfully completed.
2025-01-27 22:08:56,733 - INFO - Data loading initiated.
2025-01-27 22:08:57,616 - INFO - Data loaded successfully.
2025-01-27 22:08:57,618 - INFO - Data overview initiated.
2025-01-27 22:08:57,752 - INFO - Data overview successfully completed.
2025-01-27 22:08:58,055 - INFO - Generating summary statistics for numeric columns...
2025-01-27 22:08:58,200 - INFO - Summary statistics generation completed.
2025-01-27 22:08:58,223 - INFO - Plot Numberical Distribution...
2025-01-27 22:09:06,522 - INFO - The distribution plot successfully completed.
2025-01-27 22:09:06,544 - INFO - Visualizing Skewness of numercial features...
2025-01-27 22:09:07,031 - INFO - Visualization successfully completed.
2025-01-27 22:09:07,045 - INFO - Visualizing the distribution of useful categorical features...
2025-01-27 22:09:12,180 - INFO - Distribution plot successfully completed.
2025-01-27 22:13:18,515 - INFO - Data loading initiated.
2025-01-27 22:13:19,551 - INFO - Data loaded successfully.
2025-01-27 22:13:19,555 - INFO - Data overview initiated.
2025-01-27 22:13:19,768 - INFO - Data overview successfully completed.
2025-01-27 22:13:20,716 - INFO - Generating summary statistics for numeric columns...
2025-01-27 22:13:20,912 - INFO - Summary statistics generation completed.
2025-01-27 22:13:20,956 - INFO - Plot Numberical Distribution...
2025-01-27 22:13:32,727 - INFO - The distribution plot successfully completed.
2025-01-27 22:13:32,749 - INFO - Visualizing Skewness of numercial features...
2025-01-27 22:13:33,287 - INFO - Visualization successfully completed.
2025-01-27 22:13:33,311 - INFO - Visualizing the distribution of useful categorical features...
2025-01-27 22:13:39,556 - INFO - Distribution plot successfully completed.
2025-01-27 22:21:23,177 - INFO - Data loading initiated.
2025-01-27 22:21:23,767 - INFO - Data loaded successfully.
2025-01-27 22:21:23,769 - INFO - Data overview initiated.
2025-01-27 22:21:23,876 - INFO - Data overview successfully completed.
2025-01-27 22:21:24,113 - INFO - Generating summary statistics for numeric columns...
2025-01-27 22:21:24,229 - INFO - Summary statistics generation completed.
2025-01-27 22:21:24,245 - INFO - Plot Numberical Distribution...
2025-01-27 22:21:31,384 - INFO - The distribution plot successfully completed.
2025-01-27 22:21:31,414 - INFO - Visualizing Skewness of numercial features...
2025-01-27 22:21:31,809 - INFO - Visualization successfully completed.
2025-01-27 22:21:31,827 - INFO - Visualizing the distribution of useful categorical features...
2025-01-27 22:21:36,878 - INFO - Distribution plot successfully completed.
2025-01-27 22:23:44,257 - INFO - Data loading initiated.
2025-01-27 22:23:44,934 - INFO - Data loaded successfully.
2025-01-27 22:23:44,945 - INFO - Data overview initiated.
2025-01-27 22:23:45,061 - INFO - Data overview successfully completed.
2025-01-27 22:23:45,478 - INFO - Generating summary statistics for numeric columns...
2025-01-27 22:23:45,596 - INFO - Summary statistics generation completed.
2025-01-27 22:23:45,611 - INFO - Plot Numberical Distribution...
2025-01-27 22:23:50,297 - INFO - The distribution plot successfully completed.
2025-01-27 22:23:50,316 - INFO - Visualizing Skewness of numercial features...
2025-01-27 22:23:50,760 - INFO - Visualization successfully completed.
2025-01-27 22:23:50,784 - INFO - Visualizing the distribution of useful categorical features...
2025-01-27 22:23:56,432 - INFO - Distribution plot successfully completed.
2025-01-27 22:26:51,129 - INFO - Data loading initiated.
2025-01-27 22:26:51,771 - INFO - Data loaded successfully.
2025-01-27 22:26:51,780 - INFO - Data overview initiated.
2025-01-27 22:26:51,873 - INFO - Data overview successfully completed.
2025-01-27 22:26:52,092 - INFO - Generating summary statistics for numeric columns...
2025-01-27 22:26:52,189 - INFO - Summary statistics generation completed.
2025-01-27 22:26:52,210 - INFO - Plot Numberical Distribution...
2025-01-27 22:26:58,027 - INFO - The distribution plot successfully completed.
2025-01-27 22:26:58,044 - INFO - Visualizing Skewness of numercial features...
2025-01-27 22:26:58,480 - INFO - Visualization successfully completed.
2025-01-27 22:26:58,504 - INFO - Visualizing the distribution of useful categorical features...
2025-01-27 22:27:03,416 - INFO - Distribution plot successfully completed.
2025-01-27 22:32:26,532 - INFO - Data loading initiated.
2025-01-27 22:32:27,266 - INFO - Data loaded successfully.
2025-01-27 22:32:27,275 - INFO - Data overview initiated.
2025-01-27 22:32:27,385 - INFO - Data overview successfully completed.
2025-01-27 22:32:27,742 - INFO - Generating summary statistics for numeric columns...
2025-01-27 22:32:27,847 - INFO - Summary statistics generation completed.
2025-01-27 22:32:27,863 - INFO - Plot Numberical Distribution...
2025-01-27 22:32:32,784 - INFO - The distribution plot successfully completed.
2025-01-27 22:32:32,803 - INFO - Visualizing Skewness of numercial features...
2025-01-27 22:32:33,246 - INFO - Visualization successfully completed.
2025-01-27 22:32:33,266 - INFO - Visualizing the distribution of useful categorical features...
2025-01-27 22:32:37,802 - INFO - Distribution plot successfully completed.
2025-01-27 22:40:55,319 - INFO - Data loading initiated.
2025-01-27 22:40:55,973 - INFO - Data loaded successfully.
2025-01-27 22:40:55,985 - INFO - Data overview initiated.
2025-01-27 22:40:56,119 - INFO - Data overview successfully completed.
2025-01-27 22:40:56,525 - INFO - Generating summary statistics for numeric columns...
2025-01-27 22:40:56,615 - INFO - Summary statistics generation completed.
2025-01-27 22:40:56,630 - INFO - Plot Numberical Distribution...
2025-01-27 22:41:02,212 - INFO - The distribution plot successfully completed.
2025-01-27 22:41:02,227 - INFO - Visualizing Skewness of numercial features...
2025-01-27 22:41:02,717 - INFO - Visualization successfully completed.
2025-01-27 22:41:02,735 - INFO - Visualizing the distribution of useful categorical features...
2025-01-27 22:41:07,576 - INFO - Distribution plot successfully completed.
2025-01-27 22:41:58,815 - INFO - Data loading initiated.
2025-01-27 22:41:59,599 - INFO - Data loaded successfully.
2025-01-27 22:41:59,602 - INFO - Data overview initiated.
2025-01-27 22:41:59,723 - INFO - Data overview successfully completed.
2025-01-27 22:42:00,041 - INFO - Generating summary statistics for numeric columns...
2025-01-27 22:42:00,157 - INFO - Summary statistics generation completed.
2025-01-27 22:42:00,174 - INFO - Plot Numberical Distribution...
2025-01-27 22:42:09,388 - INFO - The distribution plot successfully completed.
2025-01-27 22:42:09,422 - INFO - Visualizing Skewness of numercial features...
2025-01-27 22:42:09,820 - INFO - Visualization successfully completed.
2025-01-27 22:42:09,845 - INFO - Visualizing the distribution of useful categorical features...
2025-01-27 22:42:16,470 - INFO - Distribution plot successfully completed.
2025-01-27 22:43:16,484 - INFO - Data loading initiated.
2025-01-27 22:43:17,354 - INFO - Data loaded successfully.
2025-01-27 22:43:17,365 - INFO - Data overview initiated.
2025-01-27 22:43:17,534 - INFO - Data overview successfully completed.
2025-01-27 22:43:18,008 - INFO - Generating summary statistics for numeric columns...
2025-01-27 22:43:18,139 - INFO - Summary statistics generation completed.
2025-01-27 22:43:18,158 - INFO - Plot Numberical Distribution...
2025-01-27 22:43:23,994 - INFO - The distribution plot successfully completed.
2025-01-27 22:43:24,013 - INFO - Visualizing Skewness of numercial features...
2025-01-27 22:43:24,392 - INFO - Visualization successfully completed.
2025-01-27 22:43:24,414 - INFO - Visualizing the distribution of useful categorical features...
2025-01-27 22:43:30,105 - INFO - Distribution plot successfully completed.
2025-01-27 22:44:22,013 - INFO - Data loading initiated.
2025-01-27 22:44:22,758 - INFO - Data loaded successfully.
2025-01-27 22:44:22,760 - INFO - Data overview initiated.
2025-01-27 22:44:22,888 - INFO - Data overview successfully completed.
2025-01-27 22:44:23,293 - INFO - Generating summary statistics for numeric columns...
2025-01-27 22:44:23,471 - INFO - Summary statistics generation completed.
2025-01-27 22:44:23,497 - INFO - Plot Numberical Distribution...
2025-01-27 22:44:28,844 - INFO - The distribution plot successfully completed.
2025-01-27 22:44:28,871 - INFO - Visualizing Skewness of numercial features...
2025-01-27 22:44:29,314 - INFO - Visualization successfully completed.
2025-01-27 22:44:29,333 - INFO - Visualizing the distribution of useful categorical features...
2025-01-27 22:44:34,891 - INFO - Distribution plot successfully completed.
